<?xml version="1.0" encoding="utf-8" standalone="no"?>
<test-run id="0" runstate="Runnable" testcasecount="1" result="Passed" total="1" passed="1" failed="0" inconclusive="0" skipped="0" asserts="1" engine-version="3.12.0.0" clr-version="4.0.30319.42000" start-time="2021-04-05 16:08:58Z" end-time="2021-04-05 16:08:58Z" duration="0.631428">
  <command-line><![CDATA[C:\Nunit\bin\net35\nunit3-console.exe  OsNet.dll]]></command-line>
  <test-suite type="Assembly" id="1-1002" name="OsNet.dll" fullname="D:\OsnoviHmarnihObchislen\Task5\OsNet\OsNet\bin\Debug\OsNet.dll" runstate="Runnable" testcasecount="1" result="Passed" start-time="2021-04-05T16:08:58.6886243Z" end-time="2021-04-05T16:08:58.8026248Z" duration="0.112813" total="1" passed="1" failed="0" warnings="0" inconclusive="0" skipped="0" asserts="1">
    <environment framework-version="3.13.1.0" clr-version="4.0.30319.42000" os-version="Microsoft Windows NT 10.0.19042.0" platform="Win32NT" cwd="D:\OsnoviHmarnihObchislen\Task5\OsNet\OsNet\bin\Debug" machine-name="DESKTOP-8VSO3SR" user="Programmer" user-domain="DESKTOP-8VSO3SR" culture="ru-RU" uiculture="en-US" os-architecture="x64" />
    <settings>
      <setting name="DisposeRunners" value="True" />
      <setting name="WorkDirectory" value="D:\OsnoviHmarnihObchislen\Task5\OsNet\OsNet\bin\Debug" />
      <setting name="ImageRuntimeVersion" value="4.0.30319" />
      <setting name="ImageTargetFrameworkName" value=".NETFramework,Version=v4.6" />
      <setting name="ImageRequiresX86" value="False" />
      <setting name="ImageRequiresDefaultAppDomainAssemblyResolver" value="False" />
      <setting name="TargetRuntimeFramework" value="net-4.0" />
      <setting name="NumberOfTestWorkers" value="12" />
    </settings>
    <properties>
      <property name="_PID" value="16704" />
      <property name="_APPDOMAIN" value="domain-" />
    </properties>
    <test-suite type="TestSuite" id="1-1003" name="OsNet" fullname="OsNet" runstate="Runnable" testcasecount="1" result="Passed" start-time="2021-04-05T16:08:58.7036240Z" end-time="2021-04-05T16:08:58.8026248Z" duration="0.098480" total="1" passed="1" failed="0" warnings="0" inconclusive="0" skipped="0" asserts="1">
      <test-suite type="TestFixture" id="1-1000" name="UnitTest1" fullname="OsNet.UnitTest1" classname="OsNet.UnitTest1" runstate="Runnable" testcasecount="1" result="Passed" start-time="2021-04-05T16:08:58.7066245Z" end-time="2021-04-05T16:08:58.8026248Z" duration="0.095858" total="1" passed="1" failed="0" warnings="0" inconclusive="0" skipped="0" asserts="1">
        <test-case id="1-1001" name="AddTest" fullname="OsNet.UnitTest1.AddTest" methodname="AddTest" classname="OsNet.UnitTest1" runstate="Runnable" seed="929910007" result="Passed" start-time="2021-04-05T16:08:58.7096248Z" end-time="2021-04-05T16:08:58.7976249Z" duration="0.088085" asserts="1">
          <output><![CDATA[Simple .Net test
]]></output>
        </test-case>
      </test-suite>
    </test-suite>
  </test-suite>
</test-run>